Using pre-set license
Built from '2020.3/release' branch; Version is '2020.3.1f1 (77a89f25062f) revision 7841951'; Using compiler version '192528614'; Build Type 'Release'
OS: 'Windows 10 Home; OS build 19043.985; Version 2009; 64bit' Language: 'en' Physical Memory: 16326 MB
BatchMode: 1, IsHumanControllingUs: 0, StartBugReporterOnCrash: 0, Is64bit: 1, IsPro: 0

 COMMAND LINE ARGUMENTS:
D:\Unity\Editors\2020.3.1f1\Editor\Unity.exe
-adb2
-batchMode
-noUpm
-name
AssetImportWorker0
-projectPath
D:/Unity/Week 4/Create-with-VR_2020LTS/VR Room Project
-logFile
Logs/AssetImportWorker0.log
-srvPort
65418
Successfully changed project path to: D:/Unity/Week 4/Create-with-VR_2020LTS/VR Room Project
D:/Unity/Week 4/Create-with-VR_2020LTS/VR Room Project
Using Asset Import Pipeline V2.
Refreshing native plugins compatible for Editor in 68.18 ms, found 8 plugins.
Preloading 1 native plugins for Editor in 1.00 ms.
Initialize engine version: 2020.3.1f1 (77a89f25062f)
[Subsystems] Discovering subsystems at path D:/Unity/Editors/2020.3.1f1/Editor/Data/Resources/UnitySubsystems
[Subsystems] Discovering subsystems at path D:/Unity/Week 4/Create-with-VR_2020LTS/VR Room Project/Assets
GfxDevice: creating device client; threaded=0
Direct3D:
    Version:  Direct3D 11.0 [level 11.1]
    Renderer: NVIDIA GeForce GTX 1060 3GB (ID=0x1c02)
    Vendor:   
    VRAM:     2988 MB
    Driver:   27.21.14.6647
Shader 'Universal Render Pipeline/Particles/Lit': fallback shader 'Universal Render Pipeline/Particles/SimpleLit' not found
Initialize mono
Mono path[0] = 'D:/Unity/Editors/2020.3.1f1/Editor/Data/Managed'
Mono path[1] = 'D:/Unity/Editors/2020.3.1f1/Editor/Data/MonoBleedingEdge/lib/mono/unityjit'
Mono config path = 'D:/Unity/Editors/2020.3.1f1/Editor/Data/MonoBleedingEdge/etc'
Using monoOptions --debugger-agent=transport=dt_socket,embedding=1,server=y,suspend=n,address=127.0.0.1:56760
Begin MonoManager ReloadAssembly
Registering precompiled unity dll's ...
Register platform support module: D:/Unity/Editors/2020.3.1f1/Editor/Data/PlaybackEngines/WebGLSupport/UnityEditor.WebGL.Extensions.dll
Register platform support module: D:/Unity/Editors/2020.3.1f1/Editor/Data/PlaybackEngines/WindowsStandaloneSupport/UnityEditor.WindowsStandalone.Extensions.dll
Registered in 0.001168 seconds.
Native extension for WindowsStandalone target not found
Native extension for WebGL target not found
Refreshing native plugins compatible for Editor in 63.78 ms, found 8 plugins.
Preloading 1 native plugins for Editor in 0.06 ms.
Invoked RoslynAnalysisRunner static constructor.
RoslynAnalysisRunner will not be running.
RoslynAnalysisRunner has terminated.
Mono: successfully reloaded assembly
- Completed reload, in  1.398 seconds
Platform modules already initialized, skipping
Registering precompiled user dll's ...
Registered in 0.003104 seconds.
Begin MonoManager ReloadAssembly
Native extension for WindowsStandalone target not found
Native extension for WebGL target not found
Refreshing native plugins compatible for Editor in 64.92 ms, found 8 plugins.
Preloading 1 native plugins for Editor in 0.06 ms.
Invoked RoslynAnalysisRunner static constructor.
RoslynAnalysisRunner will not be running.
RoslynAnalysisRunner has terminated.
[XR] OculusXRPlugin: registering subsystems
[XR] Unable to register display lifecyle provider: [1]
[XR] Oculus Input lifecycle provider registered.
[XR] Unable to register input lifecyle provider: [1]
NullReferenceException: Object reference not set to an instance of an object
  at Unity.XR.Oculus.OculusLoader.AssetPathToAbsolutePath (System.String assetPath) [0x00048] in D:\Unity\Week 4\Create-with-VR_2020LTS\VR Room Project\Library\PackageCache\com.unity.xr.oculus@1.8.1\Runtime\OculusLoader.cs:243 
  at Unity.XR.Oculus.OculusLoader.EditorLoadOVRPlugin () [0x0007b] in D:\Unity\Week 4\Create-with-VR_2020LTS\VR Room Project\Library\PackageCache\com.unity.xr.oculus@1.8.1\Runtime\OculusLoader.cs:228 

(Filename: Library/PackageCache/com.unity.xr.oculus@1.8.1/Runtime/OculusLoader.cs Line: 243)

Mono: successfully reloaded assembly
- Completed reload, in  1.237 seconds
Platform modules already initialized, skipping
========================================================================
Worker process is ready to serve import requests
Shader 'Universal Render Pipeline/Particles/Lit': fallback shader 'Universal Render Pipeline/Particles/SimpleLit' not found
Launched and connected shader compiler UnityShaderCompiler.exe after 0.05 seconds
Refreshing native plugins compatible for Editor in 0.77 ms, found 8 plugins.
Preloading 1 native plugins for Editor in 0.05 ms.
Unloading 3590 Unused Serialized files (Serialized files now loaded: 0)
System memory in use before: 163.8 MB.
System memory in use after: 163.8 MB.

Unloading 142 unused Assets to reduce memory usage. Loaded Objects now: 4021.
Total: 2.940800 ms (FindLiveObjects: 0.322800 ms CreateObjectMapping: 0.134800 ms MarkObjects: 2.262800 ms  DeleteObjects: 0.219300 ms)

========================================================================
Received Import Request.
  path: Assets/Prefabs/Arisa.prefab
  artifactKey: Guid(0db2eefad3b40e94dbcb2469f112d580) Importer(815301076,1909f56bfc062723c751e8b465ee728b)
Start importing Assets/Prefabs/Arisa.prefab using Guid(0db2eefad3b40e94dbcb2469f112d580) Importer(815301076,1909f56bfc062723c751e8b465ee728b)  -> (artifact id: '18cecfca95019956a56ea257e2d22070') in 0.396270 seconds
  Import took 0.405862 seconds .

========================================================================
Received Import Request.
  Time since last request: 31.294578 seconds.
  path: Assets/Prefabs/GIrl Controller.controller
  artifactKey: Guid(d9b8d04ab4be06944b014200144bdb18) Importer(815301076,1909f56bfc062723c751e8b465ee728b)
Start importing Assets/Prefabs/GIrl Controller.controller using Guid(d9b8d04ab4be06944b014200144bdb18) Importer(815301076,1909f56bfc062723c751e8b465ee728b)  -> (artifact id: 'f07e306b77270030d218475e229e7572') in 0.016075 seconds
  Import took 0.021455 seconds .

========================================================================
Received Import Request.
  Time since last request: 23.242202 seconds.
  path: Assets/ArisaNew/Prefabs
  artifactKey: Guid(f52d890afce17194c9a07d469f277c36) Importer(815301076,1909f56bfc062723c751e8b465ee728b)
Start importing Assets/ArisaNew/Prefabs using Guid(f52d890afce17194c9a07d469f277c36) Importer(815301076,1909f56bfc062723c751e8b465ee728b)  -> (artifact id: '37994196a56d28ef7a61ac75b4cde639') in 0.006338 seconds
  Import took 0.012268 seconds .

========================================================================
Received Import Request.
  Time since last request: 0.047246 seconds.
  path: Assets/ArisaNew/Prefabs/Arisa.prefab
  artifactKey: Guid(ed2908b5df9f6fd4891905c2e119ee0b) Importer(815301076,1909f56bfc062723c751e8b465ee728b)
Start importing Assets/ArisaNew/Prefabs/Arisa.prefab using Guid(ed2908b5df9f6fd4891905c2e119ee0b) Importer(815301076,1909f56bfc062723c751e8b465ee728b)  -> (artifact id: 'c3266adc513c957306b096d05dadacb6') in 0.757088 seconds
  Import took 0.764774 seconds .

========================================================================
Received Import Request.
  Time since last request: 7.846556 seconds.
  path: Assets/ArisaNew/New Animator Controller.controller
  artifactKey: Guid(4ee7f2789e7e7354ba9854b3460c9846) Importer(815301076,1909f56bfc062723c751e8b465ee728b)
Start importing Assets/ArisaNew/New Animator Controller.controller using Guid(4ee7f2789e7e7354ba9854b3460c9846) Importer(815301076,1909f56bfc062723c751e8b465ee728b)  -> (artifact id: '8ca279cfd918b2bf7cfb014677c0fafa') in 0.007423 seconds
  Import took 0.014248 seconds .

========================================================================
Received Import Request.
  Time since last request: 13.651048 seconds.
  path: Assets/ArisaNew/Animator
  artifactKey: Guid(9bda9fd8805ccfd46b82b2aa6602c4a7) Importer(815301076,1909f56bfc062723c751e8b465ee728b)
Start importing Assets/ArisaNew/Animator using Guid(9bda9fd8805ccfd46b82b2aa6602c4a7) Importer(815301076,1909f56bfc062723c751e8b465ee728b)  -> (artifact id: '97e7946103c5b5bea9f436b88c521408') in 0.006164 seconds
  Import took 0.011668 seconds .

========================================================================
Received Import Request.
  Time since last request: 1.661202 seconds.
  path: Assets/ArisaNew/Animator/NewAnimator.controller
  artifactKey: Guid(66e1f5e0708f79044a8f629052dd1449) Importer(815301076,1909f56bfc062723c751e8b465ee728b)
Start importing Assets/ArisaNew/Animator/NewAnimator.controller using Guid(66e1f5e0708f79044a8f629052dd1449) Importer(815301076,1909f56bfc062723c751e8b465ee728b)  -> (artifact id: '6f12d10496b4765503447a36ee0bbb7e') in 0.181122 seconds
  Import took 0.187404 seconds .

========================================================================
Received Import Request.
  Time since last request: 8.043199 seconds.
  path: Assets/ArisaNew/Animator/NewFall.anim
  artifactKey: Guid(738cd08f4cae8f04db9b1dedd5f3ce63) Importer(815301076,1909f56bfc062723c751e8b465ee728b)
Start importing Assets/ArisaNew/Animator/NewFall.anim using Guid(738cd08f4cae8f04db9b1dedd5f3ce63) Importer(815301076,1909f56bfc062723c751e8b465ee728b)  -> (artifact id: '85f78112497bf8fce2bc721f162c65d9') in 0.028346 seconds
  Import took 0.033534 seconds .

========================================================================
Received Import Request.
  Time since last request: 0.050439 seconds.
  path: Assets/ArisaNew/Animator/NewFall.anim
  artifactKey: Guid(738cd08f4cae8f04db9b1dedd5f3ce63) Importer(815301076,1909f56bfc062723c751e8b465ee728b)
Start importing Assets/ArisaNew/Animator/NewFall.anim using Guid(738cd08f4cae8f04db9b1dedd5f3ce63) Importer(815301076,1909f56bfc062723c751e8b465ee728b)  -> (artifact id: '85f78112497bf8fce2bc721f162c65d9') in 0.024234 seconds
  Import took 0.029615 seconds .

========================================================================
Received Import Request.
  Time since last request: 6.339734 seconds.
  path: Assets/ArisaNew/Animator/NewIdle.anim
  artifactKey: Guid(f574df3af32bb8f4faa90043cdf76d1a) Importer(815301076,1909f56bfc062723c751e8b465ee728b)
Start importing Assets/ArisaNew/Animator/NewIdle.anim using Guid(f574df3af32bb8f4faa90043cdf76d1a) Importer(815301076,1909f56bfc062723c751e8b465ee728b)  -> (artifact id: '34c62dfb5b83f570e01d737445082ab2') in 0.133623 seconds
  Import took 0.138955 seconds .

========================================================================
Received Import Request.
  Time since last request: 3.888441 seconds.
  path: Assets/ArisaNew/Animator/NewIdle02.anim
  artifactKey: Guid(fbe4e20f8983aad4f80c1b94d7a8a65c) Importer(815301076,1909f56bfc062723c751e8b465ee728b)
Start importing Assets/ArisaNew/Animator/NewIdle02.anim using Guid(fbe4e20f8983aad4f80c1b94d7a8a65c) Importer(815301076,1909f56bfc062723c751e8b465ee728b)  -> (artifact id: '074d34466b102d33b9f3ec4e3619b6c1') in 0.041190 seconds
  Import took 0.046688 seconds .

========================================================================
Received Import Request.
  Time since last request: 3.066304 seconds.
  path: Assets/ArisaNew/Animator/NewJump.anim
  artifactKey: Guid(8629ad72698a7b74bb2ca344167611a4) Importer(815301076,1909f56bfc062723c751e8b465ee728b)
Start importing Assets/ArisaNew/Animator/NewJump.anim using Guid(8629ad72698a7b74bb2ca344167611a4) Importer(815301076,1909f56bfc062723c751e8b465ee728b)  -> (artifact id: '1f6a383240b98d428b8b1834062a18e1') in 0.026580 seconds
  Import took 0.031814 seconds .

========================================================================
Received Import Request.
  Time since last request: 3.353541 seconds.
  path: Assets/ArisaNew/Animator/NewPose.anim
  artifactKey: Guid(3fd0fda9c5ceac24691330fa91108eaf) Importer(815301076,1909f56bfc062723c751e8b465ee728b)
Start importing Assets/ArisaNew/Animator/NewPose.anim using Guid(3fd0fda9c5ceac24691330fa91108eaf) Importer(815301076,1909f56bfc062723c751e8b465ee728b)  -> (artifact id: 'd09da8f2220a772f7d16b5271b62cb5f') in 0.302621 seconds
  Import took 0.308127 seconds .

========================================================================
Received Import Request.
  Time since last request: 7.094634 seconds.
  path: Assets/ArisaNew/Animator/NewRun.anim
  artifactKey: Guid(e4caa3e74b015fe4f92c140ac0bf7146) Importer(815301076,1909f56bfc062723c751e8b465ee728b)
Start importing Assets/ArisaNew/Animator/NewRun.anim using Guid(e4caa3e74b015fe4f92c140ac0bf7146) Importer(815301076,1909f56bfc062723c751e8b465ee728b)  -> (artifact id: '49cd95b8ed6c411f1a4e65d4d809734a') in 0.015645 seconds
  Import took 0.021129 seconds .

========================================================================
Received Import Request.
  Time since last request: 2.255824 seconds.
  path: Assets/ArisaNew/Animator/NewWalk.anim
  artifactKey: Guid(1b548388b931fea4290341423a889bd7) Importer(815301076,1909f56bfc062723c751e8b465ee728b)
Start importing Assets/ArisaNew/Animator/NewWalk.anim using Guid(1b548388b931fea4290341423a889bd7) Importer(815301076,1909f56bfc062723c751e8b465ee728b)  -> (artifact id: 'd5c754d0eacd72086bb762341f3dedbd') in 0.013302 seconds
  Import took 0.019077 seconds .

========================================================================
Received Import Request.
  Time since last request: 2.685802 seconds.
  path: Assets/ArisaNew/Animator/NewWalkBack.anim
  artifactKey: Guid(d49307f8ff878314992993ed7e150e02) Importer(815301076,1909f56bfc062723c751e8b465ee728b)
Start importing Assets/ArisaNew/Animator/NewWalkBack.anim using Guid(d49307f8ff878314992993ed7e150e02) Importer(815301076,1909f56bfc062723c751e8b465ee728b)  -> (artifact id: '64a1de70bc370bba8b5b63f6ea06f60b') in 0.205851 seconds
  Import took 0.211140 seconds .

========================================================================
Received Import Request.
  Time since last request: 43.593160 seconds.
  path: Assets/Prefabs/Ushio Animator.controller
  artifactKey: Guid(989ed4cc56292fd4f8940c2635853464) Importer(815301076,1909f56bfc062723c751e8b465ee728b)
Start importing Assets/Prefabs/Ushio Animator.controller using Guid(989ed4cc56292fd4f8940c2635853464) Importer(815301076,1909f56bfc062723c751e8b465ee728b)  -> (artifact id: '6512d45b043bfa6c1dac57fda2de20f2') in 0.006873 seconds
  Import took 0.013636 seconds .

========================================================================
Received Import Request.
  Time since last request: 3.830544 seconds.
  path: Assets/Prefabs/Ushio.prefab
  artifactKey: Guid(0db2eefad3b40e94dbcb2469f112d580) Importer(815301076,1909f56bfc062723c751e8b465ee728b)
Start importing Assets/Prefabs/Ushio.prefab using Guid(0db2eefad3b40e94dbcb2469f112d580) Importer(815301076,1909f56bfc062723c751e8b465ee728b)  -> (artifact id: 'ebe87251bb925bcc04bedba3f9bd4a16') in 0.076837 seconds
  Import took 0.084018 seconds .

========================================================================
Received Import Request.
  Time since last request: 6.467749 seconds.
  path: Assets/Prefabs/Girl
  artifactKey: Guid(5f28527b9fd072f48ab8035960df8467) Importer(815301076,1909f56bfc062723c751e8b465ee728b)
Start importing Assets/Prefabs/Girl using Guid(5f28527b9fd072f48ab8035960df8467) Importer(815301076,1909f56bfc062723c751e8b465ee728b)  -> (artifact id: '74e92e89d0181b4842f4f3ab226d39a3') in 0.006355 seconds
  Import took 0.012719 seconds .

========================================================================
Received Import Request.
  Time since last request: 0.001009 seconds.
  path: Assets/Prefabs/Girl
  artifactKey: Guid(5f28527b9fd072f48ab8035960df8467) Importer(815301076,1909f56bfc062723c751e8b465ee728b)
Start importing Assets/Prefabs/Girl using Guid(5f28527b9fd072f48ab8035960df8467) Importer(815301076,1909f56bfc062723c751e8b465ee728b)  -> (artifact id: '74e92e89d0181b4842f4f3ab226d39a3') in 0.001807 seconds
  Import took 0.007854 seconds .

========================================================================
Received Import Request.
  Time since last request: 844.531806 seconds.
  path: Assets/ArisaNew/Animator/Idle.anim
  artifactKey: Guid(f574df3af32bb8f4faa90043cdf76d1a) Importer(815301076,1909f56bfc062723c751e8b465ee728b)
Start importing Assets/ArisaNew/Animator/Idle.anim using Guid(f574df3af32bb8f4faa90043cdf76d1a) Importer(815301076,1909f56bfc062723c751e8b465ee728b)  -> (artifact id: '6f59d2385308c5cd421b561c33d8f4c4') in 0.129962 seconds
  Import took 0.136567 seconds .

========================================================================
Received Prepare
Registering precompiled user dll's ...
Registered in 0.003365 seconds.
Begin MonoManager ReloadAssembly
Native extension for WindowsStandalone target not found
Native extension for WebGL target not found
Refreshing native plugins compatible for Editor in 0.77 ms, found 8 plugins.
Preloading 1 native plugins for Editor in 0.06 ms.
Warning: Annotation not found!
UnityEngine.StackTraceUtility:ExtractStackTrace ()
UnityEditor.ProBuilder.EditorUtility:SetGizmoIconEnabled (System.Type,bool) (at Library/PackageCache/com.unity.probuilder@4.5.0/Editor/EditorCore/EditorUtility.cs:593)
UnityEditor.ProBuilder.HierarchyListener:.cctor () (at Library/PackageCache/com.unity.probuilder@4.5.0/Editor/EditorCore/HierarchyListener.cs:21)
System.Runtime.CompilerServices.RuntimeHelpers:RunClassConstructor (System.RuntimeTypeHandle)
UnityEditor.EditorAssemblies:ProcessInitializeOnLoadAttributes (System.Type[])

[Library/PackageCache/com.unity.probuilder@4.5.0/Editor/EditorCore/EditorUtility.cs line 593]

Invoked RoslynAnalysisRunner static constructor.
RoslynAnalysisRunner will not be running.
RoslynAnalysisRunner has terminated.
NullReferenceException: Object reference not set to an instance of an object
  at Unity.XR.Oculus.OculusLoader.AssetPathToAbsolutePath (System.String assetPath) [0x00048] in D:\Unity\Week 4\Create-with-VR_2020LTS\VR Room Project\Library\PackageCache\com.unity.xr.oculus@1.8.1\Runtime\OculusLoader.cs:243 
  at Unity.XR.Oculus.OculusLoader.EditorLoadOVRPlugin () [0x0007b] in D:\Unity\Week 4\Create-with-VR_2020LTS\VR Room Project\Library\PackageCache\com.unity.xr.oculus@1.8.1\Runtime\OculusLoader.cs:228 

(Filename: Library/PackageCache/com.unity.xr.oculus@1.8.1/Runtime/OculusLoader.cs Line: 243)

Mono: successfully reloaded assembly
- Completed reload, in  0.985 seconds
Platform modules already initialized, skipping
Shader 'Universal Render Pipeline/Particles/Lit': fallback shader 'Universal Render Pipeline/Particles/SimpleLit' not found
Refreshing native plugins compatible for Editor in 0.80 ms, found 8 plugins.
Preloading 1 native plugins for Editor in 0.05 ms.
Unloading 3412 Unused Serialized files (Serialized files now loaded: 0)
System memory in use before: 169.2 MB.
System memory in use after: 169.5 MB.

Unloading 22 unused Assets to reduce memory usage. Loaded Objects now: 4070.
Total: 2.914200 ms (FindLiveObjects: 0.314500 ms CreateObjectMapping: 0.143100 ms MarkObjects: 2.408800 ms  DeleteObjects: 0.047000 ms)

========================================================================
Received Import Request.
  Time since last request: 88.384163 seconds.
  path: Assets/Prefabs/Girl/New Animation.anim
  artifactKey: Guid(93e88f9e950301a4f85cde20b87d1726) Importer(815301076,1909f56bfc062723c751e8b465ee728b)
Start importing Assets/Prefabs/Girl/New Animation.anim using Guid(93e88f9e950301a4f85cde20b87d1726) Importer(815301076,1909f56bfc062723c751e8b465ee728b)  -> (artifact id: '39759d1d460cb84524249b44b162586b') in 0.012561 seconds
  Import took 0.017856 seconds .

========================================================================
Received Prepare
Registering precompiled user dll's ...
Registered in 0.003748 seconds.
Begin MonoManager ReloadAssembly
Native extension for WindowsStandalone target not found
Native extension for WebGL target not found
Refreshing native plugins compatible for Editor in 0.77 ms, found 8 plugins.
Preloading 1 native plugins for Editor in 0.06 ms.
Warning: Annotation not found!
UnityEngine.StackTraceUtility:ExtractStackTrace ()
UnityEditor.ProBuilder.EditorUtility:SetGizmoIconEnabled (System.Type,bool) (at Library/PackageCache/com.unity.probuilder@4.5.0/Editor/EditorCore/EditorUtility.cs:593)
UnityEditor.ProBuilder.HierarchyListener:.cctor () (at Library/PackageCache/com.unity.probuilder@4.5.0/Editor/EditorCore/HierarchyListener.cs:21)
System.Runtime.CompilerServices.RuntimeHelpers:RunClassConstructor (System.RuntimeTypeHandle)
UnityEditor.EditorAssemblies:ProcessInitializeOnLoadAttributes (System.Type[])

[Library/PackageCache/com.unity.probuilder@4.5.0/Editor/EditorCore/EditorUtility.cs line 593]

Invoked RoslynAnalysisRunner static constructor.
RoslynAnalysisRunner will not be running.
RoslynAnalysisRunner has terminated.
NullReferenceException: Object reference not set to an instance of an object
  at Unity.XR.Oculus.OculusLoader.AssetPathToAbsolutePath (System.String assetPath) [0x00048] in D:\Unity\Week 4\Create-with-VR_2020LTS\VR Room Project\Library\PackageCache\com.unity.xr.oculus@1.8.1\Runtime\OculusLoader.cs:243 
  at Unity.XR.Oculus.OculusLoader.EditorLoadOVRPlugin () [0x0007b] in D:\Unity\Week 4\Create-with-VR_2020LTS\VR Room Project\Library\PackageCache\com.unity.xr.oculus@1.8.1\Runtime\OculusLoader.cs:228 

(Filename: Library/PackageCache/com.unity.xr.oculus@1.8.1/Runtime/OculusLoader.cs Line: 243)

Mono: successfully reloaded assembly
- Completed reload, in  0.946 seconds
Platform modules already initialized, skipping
Shader 'Universal Render Pipeline/Particles/Lit': fallback shader 'Universal Render Pipeline/Particles/SimpleLit' not found
Refreshing native plugins compatible for Editor in 0.80 ms, found 8 plugins.
Preloading 1 native plugins for Editor in 0.05 ms.
Unloading 3412 Unused Serialized files (Serialized files now loaded: 0)
System memory in use before: 169.3 MB.
System memory in use after: 169.5 MB.

Unloading 22 unused Assets to reduce memory usage. Loaded Objects now: 4074.
Total: 3.730300 ms (FindLiveObjects: 0.813300 ms CreateObjectMapping: 0.361900 ms MarkObjects: 2.504700 ms  DeleteObjects: 0.048800 ms)

========================================================================
Received Import Request.
  Time since last request: 2479.771614 seconds.
  path: Assets/ArisaNew/Animator/Talking.anim
  artifactKey: Guid(f574df3af32bb8f4faa90043cdf76d1a) Importer(815301076,1909f56bfc062723c751e8b465ee728b)
Start importing Assets/ArisaNew/Animator/Talking.anim using Guid(f574df3af32bb8f4faa90043cdf76d1a) Importer(815301076,1909f56bfc062723c751e8b465ee728b)  -> (artifact id: '8c042d4de68a5d123bec475e270ada10') in 0.130710 seconds
  Import took 0.136055 seconds .

========================================================================
Received Import Request.
  Time since last request: 446.617287 seconds.
  path: Assets/ArisaNew/Animator/Idle.anim
  artifactKey: Guid(fbe4e20f8983aad4f80c1b94d7a8a65c) Importer(815301076,1909f56bfc062723c751e8b465ee728b)
Start importing Assets/ArisaNew/Animator/Idle.anim using Guid(fbe4e20f8983aad4f80c1b94d7a8a65c) Importer(815301076,1909f56bfc062723c751e8b465ee728b)  -> (artifact id: '13d9b5a939309a966258eeb6bbfc31bc') in 0.040042 seconds
  Import took 0.046388 seconds .

========================================================================
Received Import Request.
  Time since last request: 17.312378 seconds.
  path: Assets/Prefabs/Girl/Ushio 1.prefab
  artifactKey: Guid(76f5bf441be58a245b9e236896b5eb63) Importer(815301076,1909f56bfc062723c751e8b465ee728b)
Start importing Assets/Prefabs/Girl/Ushio 1.prefab using Guid(76f5bf441be58a245b9e236896b5eb63) Importer(815301076,1909f56bfc062723c751e8b465ee728b) The Animator Controller (Ushio Animator) you have used is not valid. Animations will not play
UnityEngine.StackTraceUtility:ExtractStackTrace ()
UnityEditor.EditorUtility:Internal_InstantiateRemoveAllNonAnimationComponentsSingle (UnityEngine.Object,UnityEngine.Vector3,UnityEngine.Quaternion)
UnityEditor.EditorUtility:InstantiateRemoveAllNonAnimationComponents (UnityEngine.Object,UnityEngine.Vector3,UnityEngine.Quaternion)
UnityEditor.EditorUtility:InstantiateForAnimatorPreview (UnityEngine.Object)
UnityEditor.GameObjectInspector/PreviewData:UpdateGameObject (UnityEngine.Object)
UnityEditor.GameObjectInspector/PreviewData:.ctor (UnityEngine.Object)
UnityEditor.GameObjectInspector:GetPreviewData ()
UnityEditor.GameObjectInspector:RenderStaticPreview (string,UnityEngine.Object[],int,int)
UnityEditor.AssetPreviewUpdater:CreatePreviewForAsset (UnityEngine.Object,UnityEngine.Object[],string)

[C:\buildslave\unity\build\Modules/Animation/Director/AnimatorControllerPlayable.cpp line 332]

The Animator Controller (Ushio Animator) you have used is not valid. Animations will not play
UnityEngine.StackTraceUtility:ExtractStackTrace ()
UnityEditor.EditorUtility:InitInstantiatedPreviewRecursive (UnityEngine.GameObject)
UnityEditor.EditorUtility:InstantiateForAnimatorPreview (UnityEngine.Object)
UnityEditor.GameObjectInspector/PreviewData:UpdateGameObject (UnityEngine.Object)
UnityEditor.GameObjectInspector/PreviewData:.ctor (UnityEngine.Object)
UnityEditor.GameObjectInspector:GetPreviewData ()
UnityEditor.GameObjectInspector:RenderStaticPreview (string,UnityEngine.Object[],int,int)
UnityEditor.AssetPreviewUpdater:CreatePreviewForAsset (UnityEngine.Object,UnityEngine.Object[],string)

[C:\buildslave\unity\build\Modules/Animation/Director/AnimatorControllerPlayable.cpp line 332]

 -> (artifact id: 'b5954a7ea09430a271aef0681b200c9b') in 0.217880 seconds
  Import took 0.226076 seconds .

========================================================================
Received Import Request.
  Time since last request: 11.034454 seconds.
  path: Assets/Prefabs/Girl/Ushio.prefab
  artifactKey: Guid(76f5bf441be58a245b9e236896b5eb63) Importer(815301076,1909f56bfc062723c751e8b465ee728b)
Start importing Assets/Prefabs/Girl/Ushio.prefab using Guid(76f5bf441be58a245b9e236896b5eb63) Importer(815301076,1909f56bfc062723c751e8b465ee728b) The Animator Controller (Ushio Animator) you have used is not valid. Animations will not play
UnityEngine.StackTraceUtility:ExtractStackTrace ()
UnityEditor.EditorUtility:Internal_InstantiateRemoveAllNonAnimationComponentsSingle (UnityEngine.Object,UnityEngine.Vector3,UnityEngine.Quaternion)
UnityEditor.EditorUtility:InstantiateRemoveAllNonAnimationComponents (UnityEngine.Object,UnityEngine.Vector3,UnityEngine.Quaternion)
UnityEditor.EditorUtility:InstantiateForAnimatorPreview (UnityEngine.Object)
UnityEditor.GameObjectInspector/PreviewData:UpdateGameObject (UnityEngine.Object)
UnityEditor.GameObjectInspector/PreviewData:.ctor (UnityEngine.Object)
UnityEditor.GameObjectInspector:GetPreviewData ()
UnityEditor.GameObjectInspector:RenderStaticPreview (string,UnityEngine.Object[],int,int)
UnityEditor.AssetPreviewUpdater:CreatePreviewForAsset (UnityEngine.Object,UnityEngine.Object[],string)

[C:\buildslave\unity\build\Modules/Animation/Director/AnimatorControllerPlayable.cpp line 332]

The Animator Controller (Ushio Animator) you have used is not valid. Animations will not play
UnityEngine.StackTraceUtility:ExtractStackTrace ()
UnityEditor.EditorUtility:InitInstantiatedPreviewRecursive (UnityEngine.GameObject)
UnityEditor.EditorUtility:InstantiateForAnimatorPreview (UnityEngine.Object)
UnityEditor.GameObjectInspector/PreviewData:UpdateGameObject (UnityEngine.Object)
UnityEditor.GameObjectInspector/PreviewData:.ctor (UnityEngine.Object)
UnityEditor.GameObjectInspector:GetPreviewData ()
UnityEditor.GameObjectInspector:RenderStaticPreview (string,UnityEngine.Object[],int,int)
UnityEditor.AssetPreviewUpdater:CreatePreviewForAsset (UnityEngine.Object,UnityEngine.Object[],string)

[C:\buildslave\unity\build\Modules/Animation/Director/AnimatorControllerPlayable.cpp line 332]

 -> (artifact id: '798a5810b0773c46ce373c190bbacf3f') in 0.075630 seconds
  Import took 0.082714 seconds .

AssetImportWorkerClient::OnTransportError - code=2 error=End of file
